<?xml version="1.0" encoding="UTF-8"?>
<!-- Generated by org.testng.reporters.JUnitReportReporter -->
<testsuite hostname="LAPTOP-U744AIR7" failures="0" tests="1" name="ABD.Arnab" time="5.782" errors="0" timestamp="14 May 2021 04:03:07 GMT" skipped="0">
  <testcase classname="ABD.Arnab" name="launchURL" time="5.782"/>
</testsuite> <!-- ABD.Arnab -->
