<?xml version="1.0" encoding="UTF-8"?>
<!-- Generated by org.testng.reporters.JUnitReportReporter -->
<testsuite hostname="LAPTOP-U744AIR7" failures="0" tests="1" name="ABD.Arnab" time="6.056" errors="0" timestamp="13 May 2021 17:23:03 GMT" skipped="0">
  <testcase classname="ABD.Arnab" name="launchURL" time="6.056"/>
</testsuite> <!-- ABD.Arnab -->
